{"sessionId":"7f5163","timestamp":1775769186355,"hypothesisId":"H1","location":"JpaUserReposityAdapter.toDomain","message":"conversationsLoaded","data":{"userId":"26dd7e1e-fa24-4318-bb5a-d0eebdf6ceae","count":0,"lastListState":"none"}}
{"sessionId":"7f5163","timestamp":1775769262419,"hypothesisId":"H3","location":"HandleUserMessageUseCase.handleUserMessage:entry","message":"invoke","data":{"userId":"26dd7e1e-fa24-4318-bb5a-d0eebdf6ceae","inputNull":false,"inputLen":4}}
{"sessionId":"7f5163","timestamp":1775769262432,"hypothesisId":"H1","location":"JpaUserReposityAdapter.toDomain","message":"conversationsLoaded","data":{"userId":"26dd7e1e-fa24-4318-bb5a-d0eebdf6ceae","count":0,"lastListState":"none"}}
{"sessionId":"7f5163","timestamp":1775769262434,"hypothesisId":"H3","location":"Conversation.handleUserMessage:entry","message":"evt","data":{"conversationId":"5ee4fe19-8605-4019-9820-db5d02032cf3","state":"NEW","inputNull":false,"inputLen":4}}
{"sessionId":"7f5163","timestamp":1775769262436,"hypothesisId":"H2","location":"HandleUserMessageUseCase.handleUserMessage:beforePersist","message":"afterHandle","data":{"conversationState":"WAITING_FOR_NAME","responseLen":26}}
{"sessionId":"7f5163","timestamp":1775769389091,"hypothesisId":"H1","location":"JpaUserReposityAdapter.toDomain","message":"conversationsLoaded","data":{"userId":"009f1f1d-45db-4d53-8e19-2009b41d70c2","count":0,"lastListState":"none"}}
{"sessionId":"7f5163","timestamp":1775769441292,"hypothesisId":"H3","location":"HandleUserMessageUseCase.handleUserMessage:entry","message":"invoke","data":{"userId":"009f1f1d-45db-4d53-8e19-2009b41d70c2","inputNull":false,"inputLen":4}}
{"sessionId":"7f5163","timestamp":1775769441301,"hypothesisId":"H1","location":"JpaUserReposityAdapter.toDomain","message":"conversationsLoaded","data":{"userId":"009f1f1d-45db-4d53-8e19-2009b41d70c2","count":0,"lastListState":"none"}}
{"sessionId":"7f5163","timestamp":1775769441302,"hypothesisId":"H3","location":"Conversation.handleUserMessage:entry","message":"evt","data":{"conversationId":"da086450-f981-4dd1-b1ac-12642da1b33f","state":"NEW","inputNull":false,"inputLen":4}}
{"sessionId":"7f5163","timestamp":1775769441305,"hypothesisId":"H2","location":"HandleUserMessageUseCase.handleUserMessage:beforePersist","message":"afterHandle","data":{"conversationState":"WAITING_FOR_NAME","responseLen":26}}
{"sessionId":"7f5163","timestamp":1775770587709,"hypothesisId":"H1","location":"JpaUserReposityAdapter.toDomain","message":"conversationsLoaded","data":{"userId":"5539242c-1ee0-4399-a597-41449fea1082","count":0,"lastListState":"none"}}
{"sessionId":"7f5163","timestamp":1775770595686,"hypothesisId":"H3","location":"HandleUserMessageUseCase.handleUserMessage:entry","message":"invoke","data":{"userId":"5539242c-1ee0-4399-a597-41449fea1082","inputNull":false,"inputLen":4}}
{"sessionId":"7f5163","timestamp":1775770595698,"hypothesisId":"H1","location":"JpaUserReposityAdapter.toDomain","message":"conversationsLoaded","data":{"userId":"5539242c-1ee0-4399-a597-41449fea1082","count":0,"lastListState":"none"}}
{"sessionId":"7f5163","timestamp":1775770595700,"hypothesisId":"H3","location":"Conversation.handleUserMessage:entry","message":"evt","data":{"conversationId":"c04a8175-fad7-46c9-a2d3-e85a54ff1d59","state":"NEW","inputNull":false,"inputLen":4}}
{"sessionId":"7f5163","timestamp":1775770595701,"hypothesisId":"H2","location":"HandleUserMessageUseCase.handleUserMessage:beforePersist","message":"afterHandle","data":{"conversationState":"WAITING_FOR_NAME","responseLen":26}}
{"sessionId":"7f5163","timestamp":1775770752299,"hypothesisId":"H1","location":"JpaUserReposityAdapter.toDomain","message":"conversationsLoaded","data":{"userId":"65e57d3e-30c4-4272-a3c4-983bede7840b","count":0,"lastListState":"none"}}
{"sessionId":"7f5163","timestamp":1775770763866,"hypothesisId":"H3","location":"HandleUserMessageUseCase.handleUserMessage:entry","message":"invoke","data":{"userId":"65e57d3e-30c4-4272-a3c4-983bede7840b","inputNull":false,"inputLen":4}}
{"sessionId":"7f5163","timestamp":1775770763876,"hypothesisId":"H1","location":"JpaUserReposityAdapter.toDomain","message":"conversationsLoaded","data":{"userId":"65e57d3e-30c4-4272-a3c4-983bede7840b","count":0,"lastListState":"none"}}
{"sessionId":"7f5163","timestamp":1775770763877,"hypothesisId":"H3","location":"Conversation.handleUserMessage:entry","message":"evt","data":{"conversationId":"9bfb463d-b4ee-4b7e-94fd-1e40ce7f64b8","state":"NEW","inputNull":false,"inputLen":4}}
{"sessionId":"7f5163","timestamp":1775770763878,"hypothesisId":"H2","location":"HandleUserMessageUseCase.handleUserMessage:beforePersist","message":"afterHandle","data":{"conversationState":"WAITING_FOR_NAME","responseLen":26}}
{"sessionId":"7f5163","timestamp":1775770887052,"hypothesisId":"H1","location":"JpaUserReposityAdapter.toDomain","message":"conversationsLoaded","data":{"userId":"1a4174bd-86d8-4801-bf28-f91827ed769b","count":0,"lastListState":"none"}}
{"sessionId":"7f5163","timestamp":1775770922025,"hypothesisId":"H1","location":"JpaUserReposityAdapter.toDomain","message":"conversationsLoaded","data":{"userId":"5e0baf7a-bfed-41d6-871a-b7bc526a57ce","count":0,"lastListState":"none"}}
{"sessionId":"7f5163","timestamp":1775770925704,"hypothesisId":"H3","location":"HandleUserMessageUseCase.handleUserMessage:entry","message":"invoke","data":{"userId":"5e0baf7a-bfed-41d6-871a-b7bc526a57ce","inputNull":false,"inputLen":4}}
{"sessionId":"7f5163","timestamp":1775770925716,"hypothesisId":"H1","location":"JpaUserReposityAdapter.toDomain","message":"conversationsLoaded","data":{"userId":"5e0baf7a-bfed-41d6-871a-b7bc526a57ce","count":0,"lastListState":"none"}}
{"sessionId":"7f5163","timestamp":1775770925717,"hypothesisId":"H3","location":"Conversation.handleUserMessage:entry","message":"evt","data":{"conversationId":"f2f16133-4915-4d7a-8711-b4b76f0a8e67","state":"NEW","inputNull":false,"inputLen":4}}
{"sessionId":"7f5163","timestamp":1775770925718,"hypothesisId":"H2","location":"HandleUserMessageUseCase.handleUserMessage:beforePersist","message":"afterHandle","data":{"conversationState":"WAITING_FOR_NAME","responseLen":26}}
{"sessionId":"7f5163","timestamp":1775784852881,"hypothesisId":"H1","location":"JpaUserReposityAdapter.toDomain","message":"conversationsLoaded","data":{"userId":"7ffe5d35-a334-40f2-9ad1-1f04fd1b2605","count":0,"lastListState":"none"}}
{"sessionId":"7f5163","timestamp":1775784855395,"hypothesisId":"H3","location":"HandleUserMessageUseCase.handleUserMessage:entry","message":"invoke","data":{"userId":"7ffe5d35-a334-40f2-9ad1-1f04fd1b2605","inputNull":false,"inputLen":4}}
{"sessionId":"7f5163","timestamp":1775784855437,"hypothesisId":"H1","location":"JpaUserReposityAdapter.toDomain","message":"conversationsLoaded","data":{"userId":"7ffe5d35-a334-40f2-9ad1-1f04fd1b2605","count":0,"lastListState":"none"}}
{"sessionId":"7f5163","timestamp":1775784855438,"hypothesisId":"H3","location":"Conversation.handleUserMessage:entry","message":"evt","data":{"conversationId":"4ee025b4-bb14-4d9a-951b-a189d1d4c0c8","state":"NEW","inputNull":false,"inputLen":4}}
{"sessionId":"7f5163","timestamp":1775784855440,"hypothesisId":"H2","location":"HandleUserMessageUseCase.handleUserMessage:beforePersist","message":"afterHandle","data":{"conversationState":"WAITING_FOR_NAME","responseLen":26}}
